<?xml version="1.0" encoding="UTF-8"?>
<!-- Generated by org.testng.reporters.JUnitReportReporter -->
<testsuite hostname="user-PC" name="resources.FilmeResourceTest" tests="1" failures="0" timestamp="28 Feb 2015 11:50:23 GMT" time="0.000" errors="0">
  <testcase name="testCriacao" time="0.000" classname="resources.FilmeResourceTest"/>
</testsuite> <!-- resources.FilmeResourceTest -->
